#
# There is insufficient memory for the Java Runtime Environment to continue.
# Native memory allocation (mmap) failed to map 536870912 bytes for Failed to commit area from 0x0000000601400000 to 0x0000000621400000 of length 536870912.
# Possible reasons:
#   The system is out of physical RAM or swap space
#   The process is running with CompressedOops enabled, and the Java Heap may be blocking the growth of the native heap
# Possible solutions:
#   Reduce memory load on the system
#   Increase physical memory or swap space
#   Check if swap backing store is full
#   Decrease Java heap size (-Xmx/-Xms)
#   Decrease number of Java threads
#   Decrease Java thread stack sizes (-Xss)
#   Set larger code cache with -XX:ReservedCodeCacheSize=
# This output file may be truncated or incomplete.
#
#  Out of Memory Error (./src/hotspot/os/windows/os_windows.cpp:3303), pid=37984, tid=31572
#
# JRE version:  (11.0.9+11) (build )
# Java VM: OpenJDK 64-Bit Server VM (11.0.9+11-b1145.21, mixed mode, sharing, tiered, compressed oops, g1 gc, windows-amd64)
# No core dump will be written. Minidumps are not enabled by default on client versions of Windows
#

---------------  S U M M A R Y ------------

Command Line: org.jetbrains.git4idea.http.GitAskPassApp Username for 'https://github.com': 

Host: Intel(R) Core(TM) i7-5820K CPU @ 3.30GHz, 12 cores, 31G,  Windows 10 , 64 bit Build 18362 (10.0.18362.1316)
Time: Sun Feb  7 20:40:44 2021 Eastern Standard Time elapsed time: 0.014063 seconds (0d 0h 0m 0s)

---------------  T H R E A D  ---------------

Current thread (0x00000227547fe000):  JavaThread "Unknown thread" [_thread_in_vm, id=31572, stack(0x000000678bf00000,0x000000678c000000)]

Stack: [0x000000678bf00000,0x000000678c000000]
Native frames: (J=compiled Java code, j=interpreted, Vv=VM code, C=native code)
V  [jvm.dll+0x5ed3ca]
V  [jvm.dll+0x722725]
V  [jvm.dll+0x723c7d]
V  [jvm.dll+0x724333]
V  [jvm.dll+0x242bd8]
V  [jvm.dll+0x5ea884]
V  [jvm.dll+0x5df995]
V  [jvm.dll+0x2fe13b]
V  [jvm.dll+0x2fe0aa]
V  [jvm.dll+0x2fdf82]
V  [jvm.dll+0x302e56]
V  [jvm.dll+0x34b583]
V  [jvm.dll+0x34bc86]
V  [jvm.dll+0x34b683]
V  [jvm.dll+0x2d8df8]
V  [jvm.dll+0x2d9f97]
V  [jvm.dll+0x701517]
V  [jvm.dll+0x702d0c]
V  [jvm.dll+0x358b39]
V  [jvm.dll+0x6e4f9e]
V  [jvm.dll+0x3c0db3]
V  [jvm.dll+0x3c2f61]
C  [jli.dll+0x5373]
C  [ucrtbase.dll+0x210b2]
C  [KERNEL32.DLL+0x17c24]
C  [ntdll.dll+0x6d4d1]


---------------  P R O C E S S  ---------------

Threads class SMR info:
_java_thread_list=0x00000227526e8bb0, length=0, elements={
}

Java Threads: ( => current thread )

Other Threads:
  0x0000022754818000 GCTaskThread "GC Thread#0" [stack: 0x000000678c000000,0x000000678c100000] [id=42708]
  0x0000022754898000 ConcurrentGCThread "G1 Main Marker" [stack: 0x000000678c100000,0x000000678c200000] [id=42832]
  0x0000022754899000 ConcurrentGCThread "G1 Conc#0" [stack: 0x000000678c200000,0x000000678c300000] [id=40696]

[error occurred during error reporting (printing all threads), id 0xc0000005, EXCEPTION_ACCESS_VIOLATION (0xc0000005) at pc=0x00007ffcd0679397]

VM state:not at safepoint (not fully initialized)

VM Mutex/Monitor currently owned by a thread:  ([mutex/lock_event])
[0x00000227547fcbd0] Heap_lock - owner thread: 0x00000227547fe000

Heap address: 0x0000000601400000, size: 8172 MB, Compressed Oops mode: Non-zero based: 0x0000000601400000
Narrow klass base: 0x0000000000000000, Narrow klass shift: 0

GC Heap History (0 events):
No events

Deoptimization events (0 events):
No events

Classes redefined (0 events):
No events

Internal exceptions (0 events):
No events

Events (1 events):
Event: 0.009 Loaded shared library C:\Program Files\JetBrains\IntelliJ IDEA Educational Edition 2020.2.1\jbr\bin\zip.dll


Dynamic libraries:
0x00007ff6d7c50000 - 0x00007ff6d7c5a000 	C:\Program Files\JetBrains\IntelliJ IDEA Educational Edition 2020.2.1\jbr\bin\java.exe
0x00007ffd4a580000 - 0x00007ffd4a770000 	C:\WINDOWS\SYSTEM32\ntdll.dll
0x00007ffd49760000 - 0x00007ffd49812000 	C:\WINDOWS\System32\KERNEL32.DLL
0x00007ffd47ee0000 - 0x00007ffd48185000 	C:\WINDOWS\System32\KERNELBASE.dll
0x00007ffd47cd0000 - 0x00007ffd47dca000 	C:\WINDOWS\System32\ucrtbase.dll
0x00007ffd30190000 - 0x00007ffd301a9000 	C:\Program Files\JetBrains\IntelliJ IDEA Educational Edition 2020.2.1\jbr\bin\jli.dll
0x00007ffd30170000 - 0x00007ffd30187000 	C:\Program Files\JetBrains\IntelliJ IDEA Educational Edition 2020.2.1\jbr\bin\VCRUNTIME140.dll
0x00007ffd499d0000 - 0x00007ffd49b64000 	C:\WINDOWS\System32\USER32.dll
0x00007ffd48240000 - 0x00007ffd48261000 	C:\WINDOWS\System32\win32u.dll
0x00007ffd3aa90000 - 0x00007ffd3ad14000 	C:\WINDOWS\WinSxS\amd64_microsoft.windows.common-controls_6595b64144ccf1df_6.0.18362.1316_none_9e7a364fe461dbd7\COMCTL32.dll
0x00007ffd494e0000 - 0x00007ffd49506000 	C:\WINDOWS\System32\GDI32.dll
0x00007ffd49930000 - 0x00007ffd499ce000 	C:\WINDOWS\System32\msvcrt.dll
0x00007ffd48270000 - 0x00007ffd48408000 	C:\WINDOWS\System32\gdi32full.dll
0x00007ffd48e10000 - 0x00007ffd49147000 	C:\WINDOWS\System32\combase.dll
0x00007ffd48410000 - 0x00007ffd484ae000 	C:\WINDOWS\System32\msvcp_win.dll
0x00007ffd48870000 - 0x00007ffd4898f000 	C:\WINDOWS\System32\RPCRT4.dll
0x00007ffd48190000 - 0x00007ffd48211000 	C:\WINDOWS\System32\bcryptPrimitives.dll
0x00007ffd48770000 - 0x00007ffd4879e000 	C:\WINDOWS\System32\IMM32.DLL
0x00007ffd2a260000 - 0x00007ffd2a2fd000 	C:\Program Files\JetBrains\IntelliJ IDEA Educational Edition 2020.2.1\jbr\bin\msvcp140.dll
0x00007ffcd0390000 - 0x00007ffcd0e5e000 	C:\Program Files\JetBrains\IntelliJ IDEA Educational Edition 2020.2.1\jbr\bin\server\jvm.dll
0x00007ffd4a410000 - 0x00007ffd4a4b3000 	C:\WINDOWS\System32\ADVAPI32.dll
0x00007ffd491b0000 - 0x00007ffd49247000 	C:\WINDOWS\System32\sechost.dll
0x00007ffd49b70000 - 0x00007ffd49b78000 	C:\WINDOWS\System32\PSAPI.DLL
0x00007ffd20fa0000 - 0x00007ffd20fa9000 	C:\WINDOWS\SYSTEM32\WSOCK32.dll
0x00007ffd44e60000 - 0x00007ffd44e84000 	C:\WINDOWS\SYSTEM32\WINMM.dll
0x00007ffd496f0000 - 0x00007ffd4975f000 	C:\WINDOWS\System32\WS2_32.dll
0x00007ffd3fa60000 - 0x00007ffd3fa6a000 	C:\WINDOWS\SYSTEM32\VERSION.dll
0x00007ffd44e30000 - 0x00007ffd44e5d000 	C:\WINDOWS\SYSTEM32\WINMMBASE.dll
0x00007ffd47500000 - 0x00007ffd4754a000 	C:\WINDOWS\System32\cfgmgr32.dll
0x00007ffd474b0000 - 0x00007ffd474c1000 	C:\WINDOWS\System32\kernel.appcore.dll
0x00007ffd3c360000 - 0x00007ffd3c371000 	C:\Program Files\JetBrains\IntelliJ IDEA Educational Edition 2020.2.1\jbr\bin\verify.dll
0x00007ffd2dd40000 - 0x00007ffd2df34000 	C:\WINDOWS\SYSTEM32\DBGHELP.DLL
0x00007ffd2dd10000 - 0x00007ffd2dd3a000 	C:\WINDOWS\SYSTEM32\dbgcore.DLL
0x00007ffd30660000 - 0x00007ffd30689000 	C:\Program Files\JetBrains\IntelliJ IDEA Educational Edition 2020.2.1\jbr\bin\java.dll
0x00007ffd43cf0000 - 0x00007ffd43cfb000 	C:\Program Files\JetBrains\IntelliJ IDEA Educational Edition 2020.2.1\jbr\bin\jimage.dll
0x00007ffd39fb0000 - 0x00007ffd39fc8000 	C:\Program Files\JetBrains\IntelliJ IDEA Educational Edition 2020.2.1\jbr\bin\zip.dll

dbghelp: loaded successfully - version: 4.0.5 - missing functions: none
symbol engine: initialized successfully - sym options: 0x614 - pdb path: .;C:\Program Files\JetBrains\IntelliJ IDEA Educational Edition 2020.2.1\jbr\bin;C:\WINDOWS\SYSTEM32;C:\WINDOWS\WinSxS\amd64_microsoft.windows.common-controls_6595b64144ccf1df_6.0.18362.1316_none_9e7a364fe461dbd7;C:\Program Files\JetBrains\IntelliJ IDEA Educational Edition 2020.2.1\jbr\bin\server

VM Arguments:
java_command: org.jetbrains.git4idea.http.GitAskPassApp Username for 'https://github.com': 
java_class_path (initial): C:/Program Files/JetBrains/IntelliJ IDEA Educational Edition 2020.2.1/plugins/git4idea/lib/git4idea-rt.jar;C:/Program Files/JetBrains/IntelliJ IDEA Educational Edition 2020.2.1/lib/xmlrpc-2.0.1.jar;C:/Program Files/JetBrains/IntelliJ IDEA Educational Edition 2020.2.1/lib/commons-codec-1.14.jar
Launcher Type: SUN_STANDARD

[Global flags]
     intx CICompilerCount                          = 4                                         {product} {ergonomic}
     uint ConcGCThreads                            = 3                                         {product} {ergonomic}
     uint G1ConcRefinementThreads                  = 10                                        {product} {ergonomic}
   size_t G1HeapRegionSize                         = 2097152                                   {product} {ergonomic}
    uintx GCDrainStackTargetSize                   = 64                                        {product} {ergonomic}
   size_t InitialHeapSize                          = 536870912                                 {product} {ergonomic}
   size_t MarkStackSize                            = 4194304                                   {product} {ergonomic}
   size_t MaxHeapSize                              = 8568963072                                {product} {ergonomic}
   size_t MinHeapDeltaBytes                        = 2097152                                   {product} {ergonomic}
    uintx NonNMethodCodeHeapSize                   = 5836300                                {pd product} {ergonomic}
    uintx NonProfiledCodeHeapSize                  = 122910970                              {pd product} {ergonomic}
    uintx ProfiledCodeHeapSize                     = 122910970                              {pd product} {ergonomic}
    uintx ReservedCodeCacheSize                    = 251658240                              {pd product} {ergonomic}
     bool SegmentedCodeCache                       = true                                      {product} {ergonomic}
     bool UseCompressedClassPointers               = true                                 {lp64_product} {ergonomic}
     bool UseCompressedOops                        = true                                 {lp64_product} {ergonomic}
     bool UseG1GC                                  = true                                      {product} {ergonomic}
     bool UseLargePagesIndividualAllocation        = false                                  {pd product} {ergonomic}

Logging:
Log output configuration:
 #0: stdout all=warning uptime,level,tags
 #1: stderr all=off uptime,level,tags

Environment Variables:
JAVA_HOME=C:\Program Files\Java\jdk-15
PATH=C:\Program Files\Git\mingw64/libexec/git-core;C:\Program Files\Git\mingw64/libexec/git-core;C:\Program Files\Git\mingw64\bin;C:\Program Files\Git\usr\bin;C:\Users\RyanPC\bin;C:\Program Files\Common Files\Oracle\Java\javapath;c:\program files (x86)\intel\mpi-rt\4.1.3.045\em64t\bin;c:\program files (x86)\intel\mpi-rt\4.1.3.045\ia32\bin;c:\program files (x86)\intel\mpi-rt\4.1.0.028\em64t\bin;c:\program files (x86)\intel\mpi-rt\4.1.0.028\ia32\bin;c:\program files (x86)\intel\icls client\;c:\program files\intel\icls client\;c:\windows\system32;c:\windows;c:\windows\system32\wbem;c:\windows\system32\windowspowershell\v1.0\;c:\program files (x86)\intel\intel(r) management engine components\dal;c:\program files\intel\intel(r) management engine components\dal;c:\program files (x86)\intel\intel(r) management engine components\ipt;c:\program files\intel\intel(r) management engine components\ipt;c:\program files\cd-adapco\star-ccm+10.04.011\star\bin;c:\program files\cd-adapco\star-view+10.04.011;c:\program files (x86)\windows live\shared;c:\program files (x86)\windows kits\8.1\windows performance toolkit\;c:\sqlite;c:\windows\system32\openssh\;c:\program files\nvidia corporation\nvidia nvdlisr;c:\program files\nvidia corporation\nvidia ngx;c:\program files (x86)\quicktime\qtsystem\;c:\program files\nodejs\;C:\Program Files (x86)\NVIDIA Corporation\PhysX\Common;C:\Python27\Scripts\;C:\WINDOWS\system32;C:\WINDOWS;C:\WINDOWS\System32\Wbem;C:\WINDOWS\System32\WindowsPowerShell\v1.0\;C:\WINDOWS\System32\OpenSSH\;C:\Program Files\Java\jdk-15\bin;C:\Users\RyanPC\AppData\Local\SumatraPDF;C:\Users\RyanPC\AppData\Local\Programs\Python\Python38-32\Scripts\;C:\Users\RyanPC\AppData\Local\Programs\Python\Python38-32\;C:\Users\Ryan PC\AppData\Local\Microsoft\WindowsApps;C:\Users\Ryan PC\AppData\Local\atom\bin;C:\Users\RyanPC\AppData\Local\atom\bin;C:\Users\RyanPC\AppData\Local\Microsoft\WindowsApps;C:\Users\RyanPC\AppData\Roaming\npm;C:\Users\RyanPC\AppData\Local\Programs\Microsoft VS Code\
USERNAME=Ryan PC
DISPLAY=:0.0
LC_ALL=en_US.UTF-8
OS=Windows_NT
PROCESSOR_IDENTIFIER=Intel64 Family 6 Model 63 Stepping 2, GenuineIntel



---------------  S Y S T E M  ---------------

OS: Windows 10 , 64 bit Build 18362 (10.0.18362.1316)
OS uptime: 0 days 11:57 hours

CPU:total 12 (initial active 12) (6 cores per cpu, 2 threads per core) family 6 model 63 stepping 2, cmov, cx8, fxsr, mmx, sse, sse2, sse3, ssse3, sse4.1, sse4.2, popcnt, avx, avx2, aes, clmul, erms, lzcnt, ht, tsc, tscinvbit, bmi1, bmi2, fma

Memory: 4k page, system-wide physical 32680M (11964M free)
TotalPageFile size 37661M (AvailPageFile size 360M)
current process WorkingSet (physical memory assigned to process): 10M, peak: 10M
current process commit charge ("private bytes"): 64M, peak: 576M

vm_info: OpenJDK 64-Bit Server VM (11.0.9+11-b1145.21) for windows-amd64 JRE (11.0.9+11-b1145.21), built on Nov 21 2020 14:37:09 by "" with MS VC++ 14.0 (VS2015)

END.
